0 info it worked if it ends with ok
1 verbose cli [ 'node', '/usr/local/bin/npm', 'install', '--global', 'babel' ]
2 info using npm@2.11.3
3 info using node@v0.12.7
4 verbose install initial load of /usr/local/lib/package.json
5 verbose readDependencies loading dependencies from /usr/local/lib/package.json
6 silly cache add args [ 'babel', null ]
7 verbose cache add spec babel
8 silly cache add parsed spec { raw: 'babel',
8 silly cache add   scope: null,
8 silly cache add   name: 'babel',
8 silly cache add   rawSpec: '',
8 silly cache add   spec: '*',
8 silly cache add   type: 'range' }
9 silly addNamed babel@*
10 verbose addNamed "*" is a valid semver range for babel
11 silly addNameRange { name: 'babel', range: '*', hasData: false }
12 silly mapToRegistry name babel
13 silly mapToRegistry using default registry
14 silly mapToRegistry registry https://registry.npmjs.org/
15 silly mapToRegistry uri https://registry.npmjs.org/babel
16 verbose addNameRange registry:https://registry.npmjs.org/babel not in flight; fetching
17 verbose request uri https://registry.npmjs.org/babel
18 verbose request no auth needed
19 info attempt registry request try #1 at 10:36:20 PM
20 verbose request id 7b6f829ec8e9a3d6
21 verbose etag "9CCLODIL6XRSVH18Z6FSA6QEW"
22 http request GET https://registry.npmjs.org/babel
23 http 304 https://registry.npmjs.org/babel
24 silly get cb [ 304,
24 silly get   { date: 'Sun, 23 Aug 2015 02:36:20 GMT',
24 silly get     via: '1.1 varnish',
24 silly get     'cache-control': 'max-age=60',
24 silly get     etag: '"9CCLODIL6XRSVH18Z6FSA6QEW"',
24 silly get     age: '47',
24 silly get     connection: 'keep-alive',
24 silly get     'x-served-by': 'cache-atl6227-ATL',
24 silly get     'x-cache': 'HIT',
24 silly get     'x-cache-hits': '2',
24 silly get     'x-timer': 'S1440297380.779635,VS0,VE0',
24 silly get     vary: 'Accept' } ]
25 verbose etag https://registry.npmjs.org/babel from cache
26 verbose get saving babel to /Users/kass/.npm/registry.npmjs.org/babel/.cache.json
27 silly addNameRange number 2 { name: 'babel', range: '*', hasData: true }
28 silly addNameRange versions [ 'babel',
28 silly addNameRange   [ '0.0.1',
28 silly addNameRange     '4.0.1',
28 silly addNameRange     '4.0.2',
28 silly addNameRange     '4.1.1',
28 silly addNameRange     '4.2.0',
28 silly addNameRange     '4.2.1',
28 silly addNameRange     '4.3.0',
28 silly addNameRange     '4.4.1',
28 silly addNameRange     '4.4.2',
28 silly addNameRange     '4.4.3',
28 silly addNameRange     '4.4.4',
28 silly addNameRange     '4.4.5',
28 silly addNameRange     '4.4.6',
28 silly addNameRange     '4.5.0',
28 silly addNameRange     '4.5.1',
28 silly addNameRange     '4.5.2',
28 silly addNameRange     '4.5.3',
28 silly addNameRange     '4.5.4',
28 silly addNameRange     '4.5.5',
28 silly addNameRange     '4.6.0',
28 silly addNameRange     '4.6.1',
28 silly addNameRange     '4.6.3',
28 silly addNameRange     '4.6.4',
28 silly addNameRange     '4.6.5',
28 silly addNameRange     '4.6.6',
28 silly addNameRange     '4.7.0',
28 silly addNameRange     '4.7.1',
28 silly addNameRange     '4.7.2',
28 silly addNameRange     '4.7.3',
28 silly addNameRange     '4.7.4',
28 silly addNameRange     '4.7.5',
28 silly addNameRange     '4.7.6',
28 silly addNameRange     '4.7.7',
28 silly addNameRange     '4.7.8',
28 silly addNameRange     '4.7.9',
28 silly addNameRange     '4.7.10',
28 silly addNameRange     '4.7.11',
28 silly addNameRange     '4.7.12',
28 silly addNameRange     '4.7.13',
28 silly addNameRange     '4.7.14',
28 silly addNameRange     '4.7.15',
28 silly addNameRange     '4.7.16',
28 silly addNameRange     '5.0.0-beta2',
28 silly addNameRange     '5.0.0-beta3',
28 silly addNameRange     '5.0.0-beta4',
28 silly addNameRange     '5.0.0',
28 silly addNameRange     '5.0.1',
28 silly addNameRange     '5.0.2',
28 silly addNameRange     '5.0.3',
28 silly addNameRange     '5.0.4',
28 silly addNameRange     '5.0.5',
28 silly addNameRange     '5.0.6',
28 silly addNameRange     '5.0.7',
28 silly addNameRange     '5.0.8',
28 silly addNameRange     '5.0.9',
28 silly addNameRange     '5.0.10',
28 silly addNameRange     '5.0.11',
28 silly addNameRange     '5.0.12',
28 silly addNameRange     '5.0.13',
28 silly addNameRange     '5.1.0',
28 silly addNameRange     '5.1.1',
28 silly addNameRange     '5.1.2',
28 silly addNameRange     '5.1.3',
28 silly addNameRange     '5.1.4',
28 silly addNameRange     '5.1.5',
28 silly addNameRange     '5.1.6',
28 silly addNameRange     '5.1.7',
28 silly addNameRange     '5.1.8',
28 silly addNameRange     '5.1.9',
28 silly addNameRange     '5.1.10',
28 silly addNameRange     '5.1.11',
28 silly addNameRange     '5.1.12',
28 silly addNameRange     '5.1.13',
28 silly addNameRange     '5.2.0',
28 silly addNameRange     '5.2.1',
28 silly addNameRange     '5.2.2',
28 silly addNameRange     '5.2.3',
28 silly addNameRange     '5.2.4',
28 silly addNameRange     '5.2.5',
28 silly addNameRange     '5.2.6',
28 silly addNameRange     '5.2.7',
28 silly addNameRange     '5.2.9',
28 silly addNameRange     '5.2.10',
28 silly addNameRange     '5.2.11',
28 silly addNameRange     '5.2.12',
28 silly addNameRange     '5.2.13',
28 silly addNameRange     '5.2.14',
28 silly addNameRange     '5.2.15',
28 silly addNameRange     '5.2.16',
28 silly addNameRange     '5.2.17',
28 silly addNameRange     '5.3.0',
28 silly addNameRange     '5.3.1',
28 silly addNameRange     '5.3.2',
28 silly addNameRange     '5.3.3',
28 silly addNameRange     '5.4.0',
28 silly addNameRange     '5.4.1',
28 silly addNameRange     '5.4.2',
28 silly addNameRange     '5.4.3',
28 silly addNameRange     '5.4.4',
28 silly addNameRange     '5.4.5',
28 silly addNameRange     '5.4.6',
28 silly addNameRange     '5.4.7',
28 silly addNameRange     '5.5.0',
28 silly addNameRange     '5.5.1',
28 silly addNameRange     '5.5.2',
28 silly addNameRange     '5.5.3',
28 silly addNameRange     '5.5.4',
28 silly addNameRange     '5.5.5',
28 silly addNameRange     '5.5.6',
28 silly addNameRange     '5.5.7',
28 silly addNameRange     '5.5.8',
28 silly addNameRange     '5.6.1',
28 silly addNameRange     '5.6.2',
28 silly addNameRange     '5.6.3',
28 silly addNameRange     '5.6.4',
28 silly addNameRange     '5.6.5',
28 silly addNameRange     '5.6.6',
28 silly addNameRange     '5.6.7',
28 silly addNameRange     '5.6.10',
28 silly addNameRange     '5.6.11',
28 silly addNameRange     '5.6.12',
28 silly addNameRange     '5.6.14',
28 silly addNameRange     '5.6.23',
28 silly addNameRange     '5.8.2',
28 silly addNameRange     '5.8.3',
28 silly addNameRange     '5.8.5',
28 silly addNameRange     '5.8.6',
28 silly addNameRange     '5.8.8',
28 silly addNameRange     '5.8.9',
28 silly addNameRange     '5.8.12',
28 silly addNameRange     '5.8.19',
28 silly addNameRange     '5.8.20',
28 silly addNameRange     '5.8.21' ] ]
29 silly addNamed babel@5.8.21
30 verbose addNamed "5.8.21" is a plain semver version for babel
31 silly cache afterAdd babel@5.8.21
32 verbose afterAdd /Users/kass/.npm/babel/5.8.21/package/package.json not in flight; writing
33 verbose afterAdd /Users/kass/.npm/babel/5.8.21/package/package.json written
34 silly install resolved [ { name: 'babel',
34 silly install resolved     version: '5.8.21',
34 silly install resolved     description: 'Turn ES6 code into readable vanilla ES5 with source maps',
34 silly install resolved     author: { name: 'Sebastian McKenzie', email: 'sebmck@gmail.com' },
34 silly install resolved     homepage: 'https://babeljs.io/',
34 silly install resolved     license: 'MIT',
34 silly install resolved     repository: { type: 'git', url: 'git+https://github.com/babel/babel.git' },
34 silly install resolved     preferGlobal: true,
34 silly install resolved     dependencies:
34 silly install resolved      { 'babel-core': '^5.6.21',
34 silly install resolved        chokidar: '^1.0.0',
34 silly install resolved        commander: '^2.6.0',
34 silly install resolved        'convert-source-map': '^1.1.0',
34 silly install resolved        'fs-readdir-recursive': '^0.1.0',
34 silly install resolved        glob: '^5.0.5',
34 silly install resolved        lodash: '^3.2.0',
34 silly install resolved        'output-file-sync': '^1.1.0',
34 silly install resolved        'path-exists': '^1.0.0',
34 silly install resolved        'path-is-absolute': '^1.0.0',
34 silly install resolved        'source-map': '^0.4.0',
34 silly install resolved        slash: '^1.0.0' },
34 silly install resolved     bin:
34 silly install resolved      { babel: './bin/babel.js',
34 silly install resolved        'babel-node': './bin/babel-node.js',
34 silly install resolved        'babel-external-helpers': './bin/babel-external-helpers.js',
34 silly install resolved        'babel-plugin': './bin/babel-plugin.js' },
34 silly install resolved     bugs: { url: 'https://github.com/babel/babel/issues' },
34 silly install resolved     _id: 'babel@5.8.21',
34 silly install resolved     scripts: {},
34 silly install resolved     _shasum: 'f10af369f54cf44943d13ee069a6f3c957b0159d',
34 silly install resolved     _from: 'babel@*',
34 silly install resolved     _npmVersion: '2.11.3',
34 silly install resolved     _nodeVersion: '0.12.7',
34 silly install resolved     _npmUser: { name: 'sebmck', email: 'sebmck@gmail.com' },
34 silly install resolved     dist:
34 silly install resolved      { shasum: 'f10af369f54cf44943d13ee069a6f3c957b0159d',
34 silly install resolved        tarball: 'http://registry.npmjs.org/babel/-/babel-5.8.21.tgz' },
34 silly install resolved     maintainers: [ [Object] ],
34 silly install resolved     directories: {},
34 silly install resolved     _resolved: 'https://registry.npmjs.org/babel/-/babel-5.8.21.tgz',
34 silly install resolved     readme: 'ERROR: No README data found!' } ]
35 info install babel@5.8.21 into /usr/local/lib
36 info installOne babel@5.8.21
37 verbose installOne of babel to /usr/local/lib not in flight; installing
38 verbose lock using /Users/kass/.npm/_locks/babel-5417f13f3f034c23.lock for /usr/local/lib/node_modules/babel
39 silly install write writing babel 5.8.21 to /usr/local/lib/node_modules/babel
40 verbose unbuild lib/node_modules/babel
41 silly gentlyRm /usr/local/lib/node_modules/babel is being purged from base /usr/local
42 verbose gentlyRm don't care about contents; nuking /usr/local/lib/node_modules/babel
43 verbose tar unpack /Users/kass/.npm/babel/5.8.21/package.tgz
44 verbose tar unpacking to /usr/local/lib/node_modules/babel
45 silly gentlyRm /usr/local/lib/node_modules/babel is being purged
46 verbose gentlyRm don't care about contents; nuking /usr/local/lib/node_modules/babel
47 silly gunzTarPerm modes [ '755', '644' ]
48 error tar.unpack untar error /Users/kass/.npm/babel/5.8.21/package.tgz
49 verbose unlock done using /Users/kass/.npm/_locks/babel-5417f13f3f034c23.lock for /usr/local/lib/node_modules/babel
50 verbose fstream_path /usr/local/lib/node_modules/babel
51 verbose fstream_type Directory
52 verbose fstream_class DirWriter
53 verbose stack Error: EACCES, mkdir '/usr/local/lib/node_modules/babel'
53 verbose stack     at Error (native)
54 verbose fstream_stack /usr/local/lib/node_modules/npm/node_modules/fstream/lib/dir-writer.js:35:25
54 verbose fstream_stack /usr/local/lib/node_modules/npm/node_modules/mkdirp/index.js:47:53
54 verbose fstream_stack FSReqWrap.oncomplete (fs.js:95:15)
55 verbose cwd /Users/kass/Google Drive/kass/projects/projects/js/ES6
56 error Darwin 14.1.0
57 error argv "node" "/usr/local/bin/npm" "install" "--global" "babel"
58 error node v0.12.7
59 error npm  v2.11.3
60 error path /usr/local/lib/node_modules/babel
61 error code EACCES
62 error errno -13
63 error Error: EACCES, mkdir '/usr/local/lib/node_modules/babel'
63 error     at Error (native)
63 error  { [Error: EACCES, mkdir '/usr/local/lib/node_modules/babel']
63 error   errno: -13,
63 error   code: 'EACCES',
63 error   path: '/usr/local/lib/node_modules/babel',
63 error   fstream_type: 'Directory',
63 error   fstream_path: '/usr/local/lib/node_modules/babel',
63 error   fstream_class: 'DirWriter',
63 error   fstream_stack:
63 error    [ '/usr/local/lib/node_modules/npm/node_modules/fstream/lib/dir-writer.js:35:25',
63 error      '/usr/local/lib/node_modules/npm/node_modules/mkdirp/index.js:47:53',
63 error      'FSReqWrap.oncomplete (fs.js:95:15)' ] }
64 error Please try running this command again as root/Administrator.
65 verbose exit [ -13, true ]
66 verbose unbuild lib/node_modules/babel
67 silly gentlyRm /usr/local/lib/node_modules/babel is being purged from base /usr/local
68 verbose gentlyRm don't care about contents; nuking /usr/local/lib/node_modules/babel
